Created by PLY version 3.9 (http://www.dabeaz.com/ply)

Grammar

Rule 0     S' -> statement
Rule 1     statement -> arreglo
Rule 2     statement -> ID EQUALS arreglo
Rule 3     statement -> VAR EQUALS arreglo
Rule 4     statement -> operacion
Rule 5     statement -> ID EQUALS operacion
Rule 6     statement -> VAR EQUALS operacion
Rule 7     statement -> importacion
Rule 8     statement -> indexacion
Rule 9     statement -> ID EQUALS indexacion
Rule 10    statement -> VAR EQUALS indexacion
Rule 11    importacion -> IMPORT NUMPY AS ID
Rule 12    importacion -> IMPORT NUMPY
Rule 13    importacion -> FROM NUMPY IMPORT ARRAY
Rule 14    importacion -> FROM NUMPY IMPORT ARRAY AS ID
Rule 15    importacion -> FROM NUMPY IMPORT ID
Rule 16    importacion -> FROM NUMPY IMPORT ID AS ID
Rule 17    importacion -> IMPORT ID AS ID
Rule 18    importacion -> IMPORT ID
Rule 19    importacion -> FROM ID IMPORT ID
Rule 20    importacion -> FROM ID IMPORT ID AS ID
Rule 21    variosarreglos -> ARREGLO RPAREN
Rule 22    variosarreglos -> ARREGLO COMA variosarreglos
Rule 23    variosarreglos2 -> ARREGLO RCORCHER
Rule 24    variosarreglos2 -> ARREGLO COMA variosarreglos2
Rule 25    arreglo -> NP POINT ARRAY LPAREN LPAREN variosarreglos RPAREN
Rule 26    arreglo -> NP POINT ARRAY LPAREN LCORCHER variosarreglos2 RPAREN
Rule 27    arreglo -> NP POINT ARRAY LPAREN LCORCHER RCORCHER RPAREN
Rule 28    arreglo -> NP POINT ARRAY LPAREN LPAREN RPAREN RPAREN
Rule 29    arreglo -> NP POINT ARRAY LPAREN ARREGLO RPAREN
Rule 30    arreglo -> NP POINT FUNCION LPAREN LPAREN variosarreglos RPAREN
Rule 31    arreglo -> NP POINT FUNCION LPAREN LCORCHER variosarreglos2 RPAREN
Rule 32    arreglo -> NP POINT FUNCION LPAREN LCORCHER RCORCHER RPAREN
Rule 33    arreglo -> NP POINT FUNCION LPAREN LPAREN RPAREN RPAREN
Rule 34    arreglo -> NP POINT FUNCION LPAREN ARREGLO RPAREN
Rule 35    arreglo -> NP POINT ZEROS LPAREN NUMBERS COMA NUMBERS RPAREN
Rule 36    arreglo -> NUMPY POINT ARRAY LPAREN LPAREN variosarreglos RPAREN
Rule 37    arreglo -> NUMPY POINT ARRAY LPAREN LCORCHER variosarreglos2 RPAREN
Rule 38    arreglo -> NUMPY POINT ARRAY LPAREN LCORCHER RCORCHER RPAREN
Rule 39    arreglo -> NUMPY POINT ARRAY LPAREN LPAREN RPAREN RPAREN
Rule 40    arreglo -> NUMPY POINT ARRAY LPAREN ARREGLO RPAREN
Rule 41    arreglo -> NUMPY POINT FUNCION LPAREN LPAREN variosarreglos RPAREN
Rule 42    arreglo -> NUMPY POINT FUNCION LPAREN LCORCHER variosarreglos2 RPAREN
Rule 43    arreglo -> NUMPY POINT FUNCION LPAREN LCORCHER RCORCHER RPAREN
Rule 44    arreglo -> NUMPY POINT FUNCION LPAREN LPAREN RPAREN RPAREN
Rule 45    arreglo -> NUMPY POINT FUNCION LPAREN ARREGLO RPAREN
Rule 46    arreglo -> FUNCION LPAREN LPAREN variosarreglos RPAREN
Rule 47    arreglo -> FUNCION LPAREN LCORCHER variosarreglos2 RPAREN
Rule 48    arreglo -> FUNCION LPAREN LCORCHER RCORCHER RPAREN
Rule 49    arreglo -> FUNCION LPAREN LPAREN RPAREN RPAREN
Rule 50    arreglo -> FUNCION LPAREN ARREGLO RPAREN
Rule 51    arreglo -> NUMPY POINT ZEROS LPAREN NUMBERS COMA NUMBERS RPAREN
Rule 52    operacion -> VAR OPERADOR VAR
Rule 53    slicer -> NUMBERS DOUBLEPOINT NUMBERS
Rule 54    slicer -> NUMBERS DOUBLEPOINT
Rule 55    slicer -> DOUBLEPOINT NUMBERS
Rule 56    slicer -> DOUBLEPOINT
Rule 57    indice -> NUMBERS COMA NUMBERS
Rule 58    indice -> NUMBERS
Rule 59    indice -> NUMBERS COMA
Rule 60    indice -> COMA NUMBERS
Rule 61    indice -> slicer COMA slicer
Rule 62    indice -> slicer COMA
Rule 63    indice -> COMA slicer
Rule 64    indice -> NUMBERS COMA slicer
Rule 65    indice -> slicer COMA NUMBERS
Rule 66    indexacion -> VAR LCORCHER indice RCORCHER

Terminals, with rules where they appear

ARRAY                : 13 14 25 26 27 28 29 36 37 38 39 40
ARREGLO              : 21 22 23 24 29 34 40 45 50
AS                   : 11 14 16 17 20
COMA                 : 22 24 35 51 57 59 60 61 62 63 64 65
DOUBLEPOINT          : 53 54 55 56
EQUALS               : 2 3 5 6 9 10
FROM                 : 13 14 15 16 19 20
FUNCION              : 30 31 32 33 34 41 42 43 44 45 46 47 48 49 50
ID                   : 2 5 9 11 14 15 16 16 17 17 18 19 19 20 20 20
IMPORT               : 11 12 13 14 15 16 17 18 19 20
LCORCHER             : 26 27 31 32 37 38 42 43 47 48 66
LPAREN               : 25 25 26 27 28 28 29 30 30 31 32 33 33 34 35 36 36 37 38 39 39 40 41 41 42 43 44 44 45 46 46 47 48 49 49 50 51
NP                   : 25 26 27 28 29 30 31 32 33 34 35
NUMBERS              : 35 35 51 51 53 53 54 55 57 57 58 59 60 64 65
NUMPY                : 11 12 13 14 15 16 36 37 38 39 40 41 42 43 44 45 51
OPERADOR             : 52
POINT                : 25 26 27 28 29 30 31 32 33 34 35 36 37 38 39 40 41 42 43 44 45 51
RCORCHER             : 23 27 32 38 43 48 66
RPAREN               : 21 25 26 27 28 28 29 30 31 32 33 33 34 35 36 37 38 39 39 40 41 42 43 44 44 45 46 47 48 49 49 50 51
VAR                  : 3 6 10 52 52 66
ZEROS                : 35 51
error                : 

Nonterminals, with rules where they appear

arreglo              : 1 2 3
importacion          : 7
indexacion           : 8 9 10
indice               : 66
operacion            : 4 5 6
slicer               : 61 61 62 63 64 65
statement            : 0
variosarreglos       : 22 25 30 36 41 46
variosarreglos2      : 24 26 31 37 42 47

Parsing method: LALR

state 0

    (0) S' -> . statement
    (1) statement -> . arreglo
    (2) statement -> . ID EQUALS arreglo
    (3) statement -> . VAR EQUALS arreglo
    (4) statement -> . operacion
    (5) statement -> . ID EQUALS operacion
    (6) statement -> . VAR EQUALS operacion
    (7) statement -> . importacion
    (8) statement -> . indexacion
    (9) statement -> . ID EQUALS indexacion
    (10) statement -> . VAR EQUALS indexacion
    (25) arreglo -> . NP POINT ARRAY LPAREN LPAREN variosarreglos RPAREN
    (26) arreglo -> . NP POINT ARRAY LPAREN LCORCHER variosarreglos2 RPAREN
    (27) arreglo -> . NP POINT ARRAY LPAREN LCORCHER RCORCHER RPAREN
    (28) arreglo -> . NP POINT ARRAY LPAREN LPAREN RPAREN RPAREN
    (29) arreglo -> . NP POINT ARRAY LPAREN ARREGLO RPAREN
    (30) arreglo -> . NP POINT FUNCION LPAREN LPAREN variosarreglos RPAREN
    (31) arreglo -> . NP POINT FUNCION LPAREN LCORCHER variosarreglos2 RPAREN
    (32) arreglo -> . NP POINT FUNCION LPAREN LCORCHER RCORCHER RPAREN
    (33) arreglo -> . NP POINT FUNCION LPAREN LPAREN RPAREN RPAREN
    (34) arreglo -> . NP POINT FUNCION LPAREN ARREGLO RPAREN
    (35) arreglo -> . NP POINT ZEROS LPAREN NUMBERS COMA NUMBERS RPAREN
    (36) arreglo -> . NUMPY POINT ARRAY LPAREN LPAREN variosarreglos RPAREN
    (37) arreglo -> . NUMPY POINT ARRAY LPAREN LCORCHER variosarreglos2 RPAREN
    (38) arreglo -> . NUMPY POINT ARRAY LPAREN LCORCHER RCORCHER RPAREN
    (39) arreglo -> . NUMPY POINT ARRAY LPAREN LPAREN RPAREN RPAREN
    (40) arreglo -> . NUMPY POINT ARRAY LPAREN ARREGLO RPAREN
    (41) arreglo -> . NUMPY POINT FUNCION LPAREN LPAREN variosarreglos RPAREN
    (42) arreglo -> . NUMPY POINT FUNCION LPAREN LCORCHER variosarreglos2 RPAREN
    (43) arreglo -> . NUMPY POINT FUNCION LPAREN LCORCHER RCORCHER RPAREN
    (44) arreglo -> . NUMPY POINT FUNCION LPAREN LPAREN RPAREN RPAREN
    (45) arreglo -> . NUMPY POINT FUNCION LPAREN ARREGLO RPAREN
    (46) arreglo -> . FUNCION LPAREN LPAREN variosarreglos RPAREN
    (47) arreglo -> . FUNCION LPAREN LCORCHER variosarreglos2 RPAREN
    (48) arreglo -> . FUNCION LPAREN LCORCHER RCORCHER RPAREN
    (49) arreglo -> . FUNCION LPAREN LPAREN RPAREN RPAREN
    (50) arreglo -> . FUNCION LPAREN ARREGLO RPAREN
    (51) arreglo -> . NUMPY POINT ZEROS LPAREN NUMBERS COMA NUMBERS RPAREN
    (52) operacion -> . VAR OPERADOR VAR
    (11) importacion -> . IMPORT NUMPY AS ID
    (12) importacion -> . IMPORT NUMPY
    (13) importacion -> . FROM NUMPY IMPORT ARRAY
    (14) importacion -> . FROM NUMPY IMPORT ARRAY AS ID
    (15) importacion -> . FROM NUMPY IMPORT ID
    (16) importacion -> . FROM NUMPY IMPORT ID AS ID
    (17) importacion -> . IMPORT ID AS ID
    (18) importacion -> . IMPORT ID
    (19) importacion -> . FROM ID IMPORT ID
    (20) importacion -> . FROM ID IMPORT ID AS ID
    (66) indexacion -> . VAR LCORCHER indice RCORCHER

    ID              shift and go to state 1
    VAR             shift and go to state 5
    NP              shift and go to state 8
    NUMPY           shift and go to state 3
    FUNCION         shift and go to state 7
    IMPORT          shift and go to state 4
    FROM            shift and go to state 11

    arreglo                        shift and go to state 2
    operacion                      shift and go to state 9
    importacion                    shift and go to state 6
    statement                      shift and go to state 10
    indexacion                     shift and go to state 12

state 1

    (2) statement -> ID . EQUALS arreglo
    (5) statement -> ID . EQUALS operacion
    (9) statement -> ID . EQUALS indexacion

    EQUALS          shift and go to state 13


state 2

    (1) statement -> arreglo .

    $end            reduce using rule 1 (statement -> arreglo .)


state 3

    (36) arreglo -> NUMPY . POINT ARRAY LPAREN LPAREN variosarreglos RPAREN
    (37) arreglo -> NUMPY . POINT ARRAY LPAREN LCORCHER variosarreglos2 RPAREN
    (38) arreglo -> NUMPY . POINT ARRAY LPAREN LCORCHER RCORCHER RPAREN
    (39) arreglo -> NUMPY . POINT ARRAY LPAREN LPAREN RPAREN RPAREN
    (40) arreglo -> NUMPY . POINT ARRAY LPAREN ARREGLO RPAREN
    (41) arreglo -> NUMPY . POINT FUNCION LPAREN LPAREN variosarreglos RPAREN
    (42) arreglo -> NUMPY . POINT FUNCION LPAREN LCORCHER variosarreglos2 RPAREN
    (43) arreglo -> NUMPY . POINT FUNCION LPAREN LCORCHER RCORCHER RPAREN
    (44) arreglo -> NUMPY . POINT FUNCION LPAREN LPAREN RPAREN RPAREN
    (45) arreglo -> NUMPY . POINT FUNCION LPAREN ARREGLO RPAREN
    (51) arreglo -> NUMPY . POINT ZEROS LPAREN NUMBERS COMA NUMBERS RPAREN

    POINT           shift and go to state 14


state 4

    (11) importacion -> IMPORT . NUMPY AS ID
    (12) importacion -> IMPORT . NUMPY
    (17) importacion -> IMPORT . ID AS ID
    (18) importacion -> IMPORT . ID

    NUMPY           shift and go to state 16
    ID              shift and go to state 15


state 5

    (3) statement -> VAR . EQUALS arreglo
    (6) statement -> VAR . EQUALS operacion
    (10) statement -> VAR . EQUALS indexacion
    (52) operacion -> VAR . OPERADOR VAR
    (66) indexacion -> VAR . LCORCHER indice RCORCHER

    EQUALS          shift and go to state 19
    OPERADOR        shift and go to state 17
    LCORCHER        shift and go to state 18


state 6

    (7) statement -> importacion .

    $end            reduce using rule 7 (statement -> importacion .)


state 7

    (46) arreglo -> FUNCION . LPAREN LPAREN variosarreglos RPAREN
    (47) arreglo -> FUNCION . LPAREN LCORCHER variosarreglos2 RPAREN
    (48) arreglo -> FUNCION . LPAREN LCORCHER RCORCHER RPAREN
    (49) arreglo -> FUNCION . LPAREN LPAREN RPAREN RPAREN
    (50) arreglo -> FUNCION . LPAREN ARREGLO RPAREN

    LPAREN          shift and go to state 20


state 8

    (25) arreglo -> NP . POINT ARRAY LPAREN LPAREN variosarreglos RPAREN
    (26) arreglo -> NP . POINT ARRAY LPAREN LCORCHER variosarreglos2 RPAREN
    (27) arreglo -> NP . POINT ARRAY LPAREN LCORCHER RCORCHER RPAREN
    (28) arreglo -> NP . POINT ARRAY LPAREN LPAREN RPAREN RPAREN
    (29) arreglo -> NP . POINT ARRAY LPAREN ARREGLO RPAREN
    (30) arreglo -> NP . POINT FUNCION LPAREN LPAREN variosarreglos RPAREN
    (31) arreglo -> NP . POINT FUNCION LPAREN LCORCHER variosarreglos2 RPAREN
    (32) arreglo -> NP . POINT FUNCION LPAREN LCORCHER RCORCHER RPAREN
    (33) arreglo -> NP . POINT FUNCION LPAREN LPAREN RPAREN RPAREN
    (34) arreglo -> NP . POINT FUNCION LPAREN ARREGLO RPAREN
    (35) arreglo -> NP . POINT ZEROS LPAREN NUMBERS COMA NUMBERS RPAREN

    POINT           shift and go to state 21


state 9

    (4) statement -> operacion .

    $end            reduce using rule 4 (statement -> operacion .)


state 10

    (0) S' -> statement .



state 11

    (13) importacion -> FROM . NUMPY IMPORT ARRAY
    (14) importacion -> FROM . NUMPY IMPORT ARRAY AS ID
    (15) importacion -> FROM . NUMPY IMPORT ID
    (16) importacion -> FROM . NUMPY IMPORT ID AS ID
    (19) importacion -> FROM . ID IMPORT ID
    (20) importacion -> FROM . ID IMPORT ID AS ID

    NUMPY           shift and go to state 23
    ID              shift and go to state 22


state 12

    (8) statement -> indexacion .

    $end            reduce using rule 8 (statement -> indexacion .)


state 13

    (2) statement -> ID EQUALS . arreglo
    (5) statement -> ID EQUALS . operacion
    (9) statement -> ID EQUALS . indexacion
    (25) arreglo -> . NP POINT ARRAY LPAREN LPAREN variosarreglos RPAREN
    (26) arreglo -> . NP POINT ARRAY LPAREN LCORCHER variosarreglos2 RPAREN
    (27) arreglo -> . NP POINT ARRAY LPAREN LCORCHER RCORCHER RPAREN
    (28) arreglo -> . NP POINT ARRAY LPAREN LPAREN RPAREN RPAREN
    (29) arreglo -> . NP POINT ARRAY LPAREN ARREGLO RPAREN
    (30) arreglo -> . NP POINT FUNCION LPAREN LPAREN variosarreglos RPAREN
    (31) arreglo -> . NP POINT FUNCION LPAREN LCORCHER variosarreglos2 RPAREN
    (32) arreglo -> . NP POINT FUNCION LPAREN LCORCHER RCORCHER RPAREN
    (33) arreglo -> . NP POINT FUNCION LPAREN LPAREN RPAREN RPAREN
    (34) arreglo -> . NP POINT FUNCION LPAREN ARREGLO RPAREN
    (35) arreglo -> . NP POINT ZEROS LPAREN NUMBERS COMA NUMBERS RPAREN
    (36) arreglo -> . NUMPY POINT ARRAY LPAREN LPAREN variosarreglos RPAREN
    (37) arreglo -> . NUMPY POINT ARRAY LPAREN LCORCHER variosarreglos2 RPAREN
    (38) arreglo -> . NUMPY POINT ARRAY LPAREN LCORCHER RCORCHER RPAREN
    (39) arreglo -> . NUMPY POINT ARRAY LPAREN LPAREN RPAREN RPAREN
    (40) arreglo -> . NUMPY POINT ARRAY LPAREN ARREGLO RPAREN
    (41) arreglo -> . NUMPY POINT FUNCION LPAREN LPAREN variosarreglos RPAREN
    (42) arreglo -> . NUMPY POINT FUNCION LPAREN LCORCHER variosarreglos2 RPAREN
    (43) arreglo -> . NUMPY POINT FUNCION LPAREN LCORCHER RCORCHER RPAREN
    (44) arreglo -> . NUMPY POINT FUNCION LPAREN LPAREN RPAREN RPAREN
    (45) arreglo -> . NUMPY POINT FUNCION LPAREN ARREGLO RPAREN
    (46) arreglo -> . FUNCION LPAREN LPAREN variosarreglos RPAREN
    (47) arreglo -> . FUNCION LPAREN LCORCHER variosarreglos2 RPAREN
    (48) arreglo -> . FUNCION LPAREN LCORCHER RCORCHER RPAREN
    (49) arreglo -> . FUNCION LPAREN LPAREN RPAREN RPAREN
    (50) arreglo -> . FUNCION LPAREN ARREGLO RPAREN
    (51) arreglo -> . NUMPY POINT ZEROS LPAREN NUMBERS COMA NUMBERS RPAREN
    (52) operacion -> . VAR OPERADOR VAR
    (66) indexacion -> . VAR LCORCHER indice RCORCHER

    NP              shift and go to state 8
    NUMPY           shift and go to state 3
    FUNCION         shift and go to state 7
    VAR             shift and go to state 25

    operacion                      shift and go to state 26
    arreglo                        shift and go to state 24
    indexacion                     shift and go to state 27

state 14

    (36) arreglo -> NUMPY POINT . ARRAY LPAREN LPAREN variosarreglos RPAREN
    (37) arreglo -> NUMPY POINT . ARRAY LPAREN LCORCHER variosarreglos2 RPAREN
    (38) arreglo -> NUMPY POINT . ARRAY LPAREN LCORCHER RCORCHER RPAREN
    (39) arreglo -> NUMPY POINT . ARRAY LPAREN LPAREN RPAREN RPAREN
    (40) arreglo -> NUMPY POINT . ARRAY LPAREN ARREGLO RPAREN
    (41) arreglo -> NUMPY POINT . FUNCION LPAREN LPAREN variosarreglos RPAREN
    (42) arreglo -> NUMPY POINT . FUNCION LPAREN LCORCHER variosarreglos2 RPAREN
    (43) arreglo -> NUMPY POINT . FUNCION LPAREN LCORCHER RCORCHER RPAREN
    (44) arreglo -> NUMPY POINT . FUNCION LPAREN LPAREN RPAREN RPAREN
    (45) arreglo -> NUMPY POINT . FUNCION LPAREN ARREGLO RPAREN
    (51) arreglo -> NUMPY POINT . ZEROS LPAREN NUMBERS COMA NUMBERS RPAREN

    ARRAY           shift and go to state 29
    FUNCION         shift and go to state 30
    ZEROS           shift and go to state 28


state 15

    (17) importacion -> IMPORT ID . AS ID
    (18) importacion -> IMPORT ID .

    AS              shift and go to state 31
    $end            reduce using rule 18 (importacion -> IMPORT ID .)


state 16

    (11) importacion -> IMPORT NUMPY . AS ID
    (12) importacion -> IMPORT NUMPY .

    AS              shift and go to state 32
    $end            reduce using rule 12 (importacion -> IMPORT NUMPY .)


state 17

    (52) operacion -> VAR OPERADOR . VAR

    VAR             shift and go to state 33


state 18

    (66) indexacion -> VAR LCORCHER . indice RCORCHER
    (57) indice -> . NUMBERS COMA NUMBERS
    (58) indice -> . NUMBERS
    (59) indice -> . NUMBERS COMA
    (60) indice -> . COMA NUMBERS
    (61) indice -> . slicer COMA slicer
    (62) indice -> . slicer COMA
    (63) indice -> . COMA slicer
    (64) indice -> . NUMBERS COMA slicer
    (65) indice -> . slicer COMA NUMBERS
    (53) slicer -> . NUMBERS DOUBLEPOINT NUMBERS
    (54) slicer -> . NUMBERS DOUBLEPOINT
    (55) slicer -> . DOUBLEPOINT NUMBERS
    (56) slicer -> . DOUBLEPOINT

    NUMBERS         shift and go to state 34
    COMA            shift and go to state 37
    DOUBLEPOINT     shift and go to state 35

    slicer                         shift and go to state 38
    indice                         shift and go to state 36

state 19

    (3) statement -> VAR EQUALS . arreglo
    (6) statement -> VAR EQUALS . operacion
    (10) statement -> VAR EQUALS . indexacion
    (25) arreglo -> . NP POINT ARRAY LPAREN LPAREN variosarreglos RPAREN
    (26) arreglo -> . NP POINT ARRAY LPAREN LCORCHER variosarreglos2 RPAREN
    (27) arreglo -> . NP POINT ARRAY LPAREN LCORCHER RCORCHER RPAREN
    (28) arreglo -> . NP POINT ARRAY LPAREN LPAREN RPAREN RPAREN
    (29) arreglo -> . NP POINT ARRAY LPAREN ARREGLO RPAREN
    (30) arreglo -> . NP POINT FUNCION LPAREN LPAREN variosarreglos RPAREN
    (31) arreglo -> . NP POINT FUNCION LPAREN LCORCHER variosarreglos2 RPAREN
    (32) arreglo -> . NP POINT FUNCION LPAREN LCORCHER RCORCHER RPAREN
    (33) arreglo -> . NP POINT FUNCION LPAREN LPAREN RPAREN RPAREN
    (34) arreglo -> . NP POINT FUNCION LPAREN ARREGLO RPAREN
    (35) arreglo -> . NP POINT ZEROS LPAREN NUMBERS COMA NUMBERS RPAREN
    (36) arreglo -> . NUMPY POINT ARRAY LPAREN LPAREN variosarreglos RPAREN
    (37) arreglo -> . NUMPY POINT ARRAY LPAREN LCORCHER variosarreglos2 RPAREN
    (38) arreglo -> . NUMPY POINT ARRAY LPAREN LCORCHER RCORCHER RPAREN
    (39) arreglo -> . NUMPY POINT ARRAY LPAREN LPAREN RPAREN RPAREN
    (40) arreglo -> . NUMPY POINT ARRAY LPAREN ARREGLO RPAREN
    (41) arreglo -> . NUMPY POINT FUNCION LPAREN LPAREN variosarreglos RPAREN
    (42) arreglo -> . NUMPY POINT FUNCION LPAREN LCORCHER variosarreglos2 RPAREN
    (43) arreglo -> . NUMPY POINT FUNCION LPAREN LCORCHER RCORCHER RPAREN
    (44) arreglo -> . NUMPY POINT FUNCION LPAREN LPAREN RPAREN RPAREN
    (45) arreglo -> . NUMPY POINT FUNCION LPAREN ARREGLO RPAREN
    (46) arreglo -> . FUNCION LPAREN LPAREN variosarreglos RPAREN
    (47) arreglo -> . FUNCION LPAREN LCORCHER variosarreglos2 RPAREN
    (48) arreglo -> . FUNCION LPAREN LCORCHER RCORCHER RPAREN
    (49) arreglo -> . FUNCION LPAREN LPAREN RPAREN RPAREN
    (50) arreglo -> . FUNCION LPAREN ARREGLO RPAREN
    (51) arreglo -> . NUMPY POINT ZEROS LPAREN NUMBERS COMA NUMBERS RPAREN
    (52) operacion -> . VAR OPERADOR VAR
    (66) indexacion -> . VAR LCORCHER indice RCORCHER

    NP              shift and go to state 8
    NUMPY           shift and go to state 3
    FUNCION         shift and go to state 7
    VAR             shift and go to state 25

    operacion                      shift and go to state 40
    arreglo                        shift and go to state 39
    indexacion                     shift and go to state 41

state 20

    (46) arreglo -> FUNCION LPAREN . LPAREN variosarreglos RPAREN
    (47) arreglo -> FUNCION LPAREN . LCORCHER variosarreglos2 RPAREN
    (48) arreglo -> FUNCION LPAREN . LCORCHER RCORCHER RPAREN
    (49) arreglo -> FUNCION LPAREN . LPAREN RPAREN RPAREN
    (50) arreglo -> FUNCION LPAREN . ARREGLO RPAREN

    LPAREN          shift and go to state 43
    LCORCHER        shift and go to state 44
    ARREGLO         shift and go to state 42


state 21

    (25) arreglo -> NP POINT . ARRAY LPAREN LPAREN variosarreglos RPAREN
    (26) arreglo -> NP POINT . ARRAY LPAREN LCORCHER variosarreglos2 RPAREN
    (27) arreglo -> NP POINT . ARRAY LPAREN LCORCHER RCORCHER RPAREN
    (28) arreglo -> NP POINT . ARRAY LPAREN LPAREN RPAREN RPAREN
    (29) arreglo -> NP POINT . ARRAY LPAREN ARREGLO RPAREN
    (30) arreglo -> NP POINT . FUNCION LPAREN LPAREN variosarreglos RPAREN
    (31) arreglo -> NP POINT . FUNCION LPAREN LCORCHER variosarreglos2 RPAREN
    (32) arreglo -> NP POINT . FUNCION LPAREN LCORCHER RCORCHER RPAREN
    (33) arreglo -> NP POINT . FUNCION LPAREN LPAREN RPAREN RPAREN
    (34) arreglo -> NP POINT . FUNCION LPAREN ARREGLO RPAREN
    (35) arreglo -> NP POINT . ZEROS LPAREN NUMBERS COMA NUMBERS RPAREN

    ARRAY           shift and go to state 46
    FUNCION         shift and go to state 47
    ZEROS           shift and go to state 45


state 22

    (19) importacion -> FROM ID . IMPORT ID
    (20) importacion -> FROM ID . IMPORT ID AS ID

    IMPORT          shift and go to state 48


state 23

    (13) importacion -> FROM NUMPY . IMPORT ARRAY
    (14) importacion -> FROM NUMPY . IMPORT ARRAY AS ID
    (15) importacion -> FROM NUMPY . IMPORT ID
    (16) importacion -> FROM NUMPY . IMPORT ID AS ID

    IMPORT          shift and go to state 49


state 24

    (2) statement -> ID EQUALS arreglo .

    $end            reduce using rule 2 (statement -> ID EQUALS arreglo .)


state 25

    (52) operacion -> VAR . OPERADOR VAR
    (66) indexacion -> VAR . LCORCHER indice RCORCHER

    OPERADOR        shift and go to state 17
    LCORCHER        shift and go to state 18


state 26

    (5) statement -> ID EQUALS operacion .

    $end            reduce using rule 5 (statement -> ID EQUALS operacion .)


state 27

    (9) statement -> ID EQUALS indexacion .

    $end            reduce using rule 9 (statement -> ID EQUALS indexacion .)


state 28

    (51) arreglo -> NUMPY POINT ZEROS . LPAREN NUMBERS COMA NUMBERS RPAREN

    LPAREN          shift and go to state 50


state 29

    (36) arreglo -> NUMPY POINT ARRAY . LPAREN LPAREN variosarreglos RPAREN
    (37) arreglo -> NUMPY POINT ARRAY . LPAREN LCORCHER variosarreglos2 RPAREN
    (38) arreglo -> NUMPY POINT ARRAY . LPAREN LCORCHER RCORCHER RPAREN
    (39) arreglo -> NUMPY POINT ARRAY . LPAREN LPAREN RPAREN RPAREN
    (40) arreglo -> NUMPY POINT ARRAY . LPAREN ARREGLO RPAREN

    LPAREN          shift and go to state 51


state 30

    (41) arreglo -> NUMPY POINT FUNCION . LPAREN LPAREN variosarreglos RPAREN
    (42) arreglo -> NUMPY POINT FUNCION . LPAREN LCORCHER variosarreglos2 RPAREN
    (43) arreglo -> NUMPY POINT FUNCION . LPAREN LCORCHER RCORCHER RPAREN
    (44) arreglo -> NUMPY POINT FUNCION . LPAREN LPAREN RPAREN RPAREN
    (45) arreglo -> NUMPY POINT FUNCION . LPAREN ARREGLO RPAREN

    LPAREN          shift and go to state 52


state 31

    (17) importacion -> IMPORT ID AS . ID

    ID              shift and go to state 53


state 32

    (11) importacion -> IMPORT NUMPY AS . ID

    ID              shift and go to state 54


state 33

    (52) operacion -> VAR OPERADOR VAR .

    $end            reduce using rule 52 (operacion -> VAR OPERADOR VAR .)


state 34

    (57) indice -> NUMBERS . COMA NUMBERS
    (58) indice -> NUMBERS .
    (59) indice -> NUMBERS . COMA
    (64) indice -> NUMBERS . COMA slicer
    (53) slicer -> NUMBERS . DOUBLEPOINT NUMBERS
    (54) slicer -> NUMBERS . DOUBLEPOINT

    COMA            shift and go to state 56
    RCORCHER        reduce using rule 58 (indice -> NUMBERS .)
    DOUBLEPOINT     shift and go to state 55


state 35

    (55) slicer -> DOUBLEPOINT . NUMBERS
    (56) slicer -> DOUBLEPOINT .

    NUMBERS         shift and go to state 57
    RCORCHER        reduce using rule 56 (slicer -> DOUBLEPOINT .)
    COMA            reduce using rule 56 (slicer -> DOUBLEPOINT .)


state 36

    (66) indexacion -> VAR LCORCHER indice . RCORCHER

    RCORCHER        shift and go to state 58


state 37

    (60) indice -> COMA . NUMBERS
    (63) indice -> COMA . slicer
    (53) slicer -> . NUMBERS DOUBLEPOINT NUMBERS
    (54) slicer -> . NUMBERS DOUBLEPOINT
    (55) slicer -> . DOUBLEPOINT NUMBERS
    (56) slicer -> . DOUBLEPOINT

    NUMBERS         shift and go to state 59
    DOUBLEPOINT     shift and go to state 35

    slicer                         shift and go to state 60

state 38

    (61) indice -> slicer . COMA slicer
    (62) indice -> slicer . COMA
    (65) indice -> slicer . COMA NUMBERS

    COMA            shift and go to state 61


state 39

    (3) statement -> VAR EQUALS arreglo .

    $end            reduce using rule 3 (statement -> VAR EQUALS arreglo .)


state 40

    (6) statement -> VAR EQUALS operacion .

    $end            reduce using rule 6 (statement -> VAR EQUALS operacion .)


state 41

    (10) statement -> VAR EQUALS indexacion .

    $end            reduce using rule 10 (statement -> VAR EQUALS indexacion .)


state 42

    (50) arreglo -> FUNCION LPAREN ARREGLO . RPAREN

    RPAREN          shift and go to state 62


state 43

    (46) arreglo -> FUNCION LPAREN LPAREN . variosarreglos RPAREN
    (49) arreglo -> FUNCION LPAREN LPAREN . RPAREN RPAREN
    (21) variosarreglos -> . ARREGLO RPAREN
    (22) variosarreglos -> . ARREGLO COMA variosarreglos

    RPAREN          shift and go to state 65
    ARREGLO         shift and go to state 63

    variosarreglos                 shift and go to state 64

state 44

    (47) arreglo -> FUNCION LPAREN LCORCHER . variosarreglos2 RPAREN
    (48) arreglo -> FUNCION LPAREN LCORCHER . RCORCHER RPAREN
    (23) variosarreglos2 -> . ARREGLO RCORCHER
    (24) variosarreglos2 -> . ARREGLO COMA variosarreglos2

    RCORCHER        shift and go to state 67
    ARREGLO         shift and go to state 68

    variosarreglos2                shift and go to state 66

state 45

    (35) arreglo -> NP POINT ZEROS . LPAREN NUMBERS COMA NUMBERS RPAREN

    LPAREN          shift and go to state 69


state 46

    (25) arreglo -> NP POINT ARRAY . LPAREN LPAREN variosarreglos RPAREN
    (26) arreglo -> NP POINT ARRAY . LPAREN LCORCHER variosarreglos2 RPAREN
    (27) arreglo -> NP POINT ARRAY . LPAREN LCORCHER RCORCHER RPAREN
    (28) arreglo -> NP POINT ARRAY . LPAREN LPAREN RPAREN RPAREN
    (29) arreglo -> NP POINT ARRAY . LPAREN ARREGLO RPAREN

    LPAREN          shift and go to state 70


state 47

    (30) arreglo -> NP POINT FUNCION . LPAREN LPAREN variosarreglos RPAREN
    (31) arreglo -> NP POINT FUNCION . LPAREN LCORCHER variosarreglos2 RPAREN
    (32) arreglo -> NP POINT FUNCION . LPAREN LCORCHER RCORCHER RPAREN
    (33) arreglo -> NP POINT FUNCION . LPAREN LPAREN RPAREN RPAREN
    (34) arreglo -> NP POINT FUNCION . LPAREN ARREGLO RPAREN

    LPAREN          shift and go to state 71


state 48

    (19) importacion -> FROM ID IMPORT . ID
    (20) importacion -> FROM ID IMPORT . ID AS ID

    ID              shift and go to state 72


state 49

    (13) importacion -> FROM NUMPY IMPORT . ARRAY
    (14) importacion -> FROM NUMPY IMPORT . ARRAY AS ID
    (15) importacion -> FROM NUMPY IMPORT . ID
    (16) importacion -> FROM NUMPY IMPORT . ID AS ID

    ARRAY           shift and go to state 74
    ID              shift and go to state 73


state 50

    (51) arreglo -> NUMPY POINT ZEROS LPAREN . NUMBERS COMA NUMBERS RPAREN

    NUMBERS         shift and go to state 75


state 51

    (36) arreglo -> NUMPY POINT ARRAY LPAREN . LPAREN variosarreglos RPAREN
    (37) arreglo -> NUMPY POINT ARRAY LPAREN . LCORCHER variosarreglos2 RPAREN
    (38) arreglo -> NUMPY POINT ARRAY LPAREN . LCORCHER RCORCHER RPAREN
    (39) arreglo -> NUMPY POINT ARRAY LPAREN . LPAREN RPAREN RPAREN
    (40) arreglo -> NUMPY POINT ARRAY LPAREN . ARREGLO RPAREN

    LPAREN          shift and go to state 77
    LCORCHER        shift and go to state 78
    ARREGLO         shift and go to state 76


state 52

    (41) arreglo -> NUMPY POINT FUNCION LPAREN . LPAREN variosarreglos RPAREN
    (42) arreglo -> NUMPY POINT FUNCION LPAREN . LCORCHER variosarreglos2 RPAREN
    (43) arreglo -> NUMPY POINT FUNCION LPAREN . LCORCHER RCORCHER RPAREN
    (44) arreglo -> NUMPY POINT FUNCION LPAREN . LPAREN RPAREN RPAREN
    (45) arreglo -> NUMPY POINT FUNCION LPAREN . ARREGLO RPAREN

    LPAREN          shift and go to state 81
    LCORCHER        shift and go to state 80
    ARREGLO         shift and go to state 79


state 53

    (17) importacion -> IMPORT ID AS ID .

    $end            reduce using rule 17 (importacion -> IMPORT ID AS ID .)


state 54

    (11) importacion -> IMPORT NUMPY AS ID .

    $end            reduce using rule 11 (importacion -> IMPORT NUMPY AS ID .)


state 55

    (53) slicer -> NUMBERS DOUBLEPOINT . NUMBERS
    (54) slicer -> NUMBERS DOUBLEPOINT .

    NUMBERS         shift and go to state 82
    RCORCHER        reduce using rule 54 (slicer -> NUMBERS DOUBLEPOINT .)
    COMA            reduce using rule 54 (slicer -> NUMBERS DOUBLEPOINT .)


state 56

    (57) indice -> NUMBERS COMA . NUMBERS
    (59) indice -> NUMBERS COMA .
    (64) indice -> NUMBERS COMA . slicer
    (53) slicer -> . NUMBERS DOUBLEPOINT NUMBERS
    (54) slicer -> . NUMBERS DOUBLEPOINT
    (55) slicer -> . DOUBLEPOINT NUMBERS
    (56) slicer -> . DOUBLEPOINT

    NUMBERS         shift and go to state 83
    RCORCHER        reduce using rule 59 (indice -> NUMBERS COMA .)
    DOUBLEPOINT     shift and go to state 35

    slicer                         shift and go to state 84

state 57

    (55) slicer -> DOUBLEPOINT NUMBERS .

    RCORCHER        reduce using rule 55 (slicer -> DOUBLEPOINT NUMBERS .)
    COMA            reduce using rule 55 (slicer -> DOUBLEPOINT NUMBERS .)


state 58

    (66) indexacion -> VAR LCORCHER indice RCORCHER .

    $end            reduce using rule 66 (indexacion -> VAR LCORCHER indice RCORCHER .)


state 59

    (60) indice -> COMA NUMBERS .
    (53) slicer -> NUMBERS . DOUBLEPOINT NUMBERS
    (54) slicer -> NUMBERS . DOUBLEPOINT

    RCORCHER        reduce using rule 60 (indice -> COMA NUMBERS .)
    DOUBLEPOINT     shift and go to state 55


state 60

    (63) indice -> COMA slicer .

    RCORCHER        reduce using rule 63 (indice -> COMA slicer .)


state 61

    (61) indice -> slicer COMA . slicer
    (62) indice -> slicer COMA .
    (65) indice -> slicer COMA . NUMBERS
    (53) slicer -> . NUMBERS DOUBLEPOINT NUMBERS
    (54) slicer -> . NUMBERS DOUBLEPOINT
    (55) slicer -> . DOUBLEPOINT NUMBERS
    (56) slicer -> . DOUBLEPOINT

    RCORCHER        reduce using rule 62 (indice -> slicer COMA .)
    NUMBERS         shift and go to state 85
    DOUBLEPOINT     shift and go to state 35

    slicer                         shift and go to state 86

state 62

    (50) arreglo -> FUNCION LPAREN ARREGLO RPAREN .

    $end            reduce using rule 50 (arreglo -> FUNCION LPAREN ARREGLO RPAREN .)


state 63

    (21) variosarreglos -> ARREGLO . RPAREN
    (22) variosarreglos -> ARREGLO . COMA variosarreglos

    RPAREN          shift and go to state 87
    COMA            shift and go to state 88


state 64

    (46) arreglo -> FUNCION LPAREN LPAREN variosarreglos . RPAREN

    RPAREN          shift and go to state 89


state 65

    (49) arreglo -> FUNCION LPAREN LPAREN RPAREN . RPAREN

    RPAREN          shift and go to state 90


state 66

    (47) arreglo -> FUNCION LPAREN LCORCHER variosarreglos2 . RPAREN

    RPAREN          shift and go to state 91


state 67

    (48) arreglo -> FUNCION LPAREN LCORCHER RCORCHER . RPAREN

    RPAREN          shift and go to state 92


state 68

    (23) variosarreglos2 -> ARREGLO . RCORCHER
    (24) variosarreglos2 -> ARREGLO . COMA variosarreglos2

    RCORCHER        shift and go to state 93
    COMA            shift and go to state 94


state 69

    (35) arreglo -> NP POINT ZEROS LPAREN . NUMBERS COMA NUMBERS RPAREN

    NUMBERS         shift and go to state 95


state 70

    (25) arreglo -> NP POINT ARRAY LPAREN . LPAREN variosarreglos RPAREN
    (26) arreglo -> NP POINT ARRAY LPAREN . LCORCHER variosarreglos2 RPAREN
    (27) arreglo -> NP POINT ARRAY LPAREN . LCORCHER RCORCHER RPAREN
    (28) arreglo -> NP POINT ARRAY LPAREN . LPAREN RPAREN RPAREN
    (29) arreglo -> NP POINT ARRAY LPAREN . ARREGLO RPAREN

    LPAREN          shift and go to state 97
    LCORCHER        shift and go to state 98
    ARREGLO         shift and go to state 96


state 71

    (30) arreglo -> NP POINT FUNCION LPAREN . LPAREN variosarreglos RPAREN
    (31) arreglo -> NP POINT FUNCION LPAREN . LCORCHER variosarreglos2 RPAREN
    (32) arreglo -> NP POINT FUNCION LPAREN . LCORCHER RCORCHER RPAREN
    (33) arreglo -> NP POINT FUNCION LPAREN . LPAREN RPAREN RPAREN
    (34) arreglo -> NP POINT FUNCION LPAREN . ARREGLO RPAREN

    LPAREN          shift and go to state 101
    LCORCHER        shift and go to state 99
    ARREGLO         shift and go to state 100


state 72

    (19) importacion -> FROM ID IMPORT ID .
    (20) importacion -> FROM ID IMPORT ID . AS ID

    $end            reduce using rule 19 (importacion -> FROM ID IMPORT ID .)
    AS              shift and go to state 102


state 73

    (15) importacion -> FROM NUMPY IMPORT ID .
    (16) importacion -> FROM NUMPY IMPORT ID . AS ID

    $end            reduce using rule 15 (importacion -> FROM NUMPY IMPORT ID .)
    AS              shift and go to state 103


state 74

    (13) importacion -> FROM NUMPY IMPORT ARRAY .
    (14) importacion -> FROM NUMPY IMPORT ARRAY . AS ID

    $end            reduce using rule 13 (importacion -> FROM NUMPY IMPORT ARRAY .)
    AS              shift and go to state 104


state 75

    (51) arreglo -> NUMPY POINT ZEROS LPAREN NUMBERS . COMA NUMBERS RPAREN

    COMA            shift and go to state 105


state 76

    (40) arreglo -> NUMPY POINT ARRAY LPAREN ARREGLO . RPAREN

    RPAREN          shift and go to state 106


state 77

    (36) arreglo -> NUMPY POINT ARRAY LPAREN LPAREN . variosarreglos RPAREN
    (39) arreglo -> NUMPY POINT ARRAY LPAREN LPAREN . RPAREN RPAREN
    (21) variosarreglos -> . ARREGLO RPAREN
    (22) variosarreglos -> . ARREGLO COMA variosarreglos

    RPAREN          shift and go to state 107
    ARREGLO         shift and go to state 63

    variosarreglos                 shift and go to state 108

state 78

    (37) arreglo -> NUMPY POINT ARRAY LPAREN LCORCHER . variosarreglos2 RPAREN
    (38) arreglo -> NUMPY POINT ARRAY LPAREN LCORCHER . RCORCHER RPAREN
    (23) variosarreglos2 -> . ARREGLO RCORCHER
    (24) variosarreglos2 -> . ARREGLO COMA variosarreglos2

    RCORCHER        shift and go to state 109
    ARREGLO         shift and go to state 68

    variosarreglos2                shift and go to state 110

state 79

    (45) arreglo -> NUMPY POINT FUNCION LPAREN ARREGLO . RPAREN

    RPAREN          shift and go to state 111


state 80

    (42) arreglo -> NUMPY POINT FUNCION LPAREN LCORCHER . variosarreglos2 RPAREN
    (43) arreglo -> NUMPY POINT FUNCION LPAREN LCORCHER . RCORCHER RPAREN
    (23) variosarreglos2 -> . ARREGLO RCORCHER
    (24) variosarreglos2 -> . ARREGLO COMA variosarreglos2

    RCORCHER        shift and go to state 112
    ARREGLO         shift and go to state 68

    variosarreglos2                shift and go to state 113

state 81

    (41) arreglo -> NUMPY POINT FUNCION LPAREN LPAREN . variosarreglos RPAREN
    (44) arreglo -> NUMPY POINT FUNCION LPAREN LPAREN . RPAREN RPAREN
    (21) variosarreglos -> . ARREGLO RPAREN
    (22) variosarreglos -> . ARREGLO COMA variosarreglos

    RPAREN          shift and go to state 114
    ARREGLO         shift and go to state 63

    variosarreglos                 shift and go to state 115

state 82

    (53) slicer -> NUMBERS DOUBLEPOINT NUMBERS .

    RCORCHER        reduce using rule 53 (slicer -> NUMBERS DOUBLEPOINT NUMBERS .)
    COMA            reduce using rule 53 (slicer -> NUMBERS DOUBLEPOINT NUMBERS .)


state 83

    (57) indice -> NUMBERS COMA NUMBERS .
    (53) slicer -> NUMBERS . DOUBLEPOINT NUMBERS
    (54) slicer -> NUMBERS . DOUBLEPOINT

    RCORCHER        reduce using rule 57 (indice -> NUMBERS COMA NUMBERS .)
    DOUBLEPOINT     shift and go to state 55


state 84

    (64) indice -> NUMBERS COMA slicer .

    RCORCHER        reduce using rule 64 (indice -> NUMBERS COMA slicer .)


state 85

    (65) indice -> slicer COMA NUMBERS .
    (53) slicer -> NUMBERS . DOUBLEPOINT NUMBERS
    (54) slicer -> NUMBERS . DOUBLEPOINT

    RCORCHER        reduce using rule 65 (indice -> slicer COMA NUMBERS .)
    DOUBLEPOINT     shift and go to state 55


state 86

    (61) indice -> slicer COMA slicer .

    RCORCHER        reduce using rule 61 (indice -> slicer COMA slicer .)


state 87

    (21) variosarreglos -> ARREGLO RPAREN .

    RPAREN          reduce using rule 21 (variosarreglos -> ARREGLO RPAREN .)


state 88

    (22) variosarreglos -> ARREGLO COMA . variosarreglos
    (21) variosarreglos -> . ARREGLO RPAREN
    (22) variosarreglos -> . ARREGLO COMA variosarreglos

    ARREGLO         shift and go to state 63

    variosarreglos                 shift and go to state 116

state 89

    (46) arreglo -> FUNCION LPAREN LPAREN variosarreglos RPAREN .

    $end            reduce using rule 46 (arreglo -> FUNCION LPAREN LPAREN variosarreglos RPAREN .)


state 90

    (49) arreglo -> FUNCION LPAREN LPAREN RPAREN RPAREN .

    $end            reduce using rule 49 (arreglo -> FUNCION LPAREN LPAREN RPAREN RPAREN .)


state 91

    (47) arreglo -> FUNCION LPAREN LCORCHER variosarreglos2 RPAREN .

    $end            reduce using rule 47 (arreglo -> FUNCION LPAREN LCORCHER variosarreglos2 RPAREN .)


state 92

    (48) arreglo -> FUNCION LPAREN LCORCHER RCORCHER RPAREN .

    $end            reduce using rule 48 (arreglo -> FUNCION LPAREN LCORCHER RCORCHER RPAREN .)


state 93

    (23) variosarreglos2 -> ARREGLO RCORCHER .

    RPAREN          reduce using rule 23 (variosarreglos2 -> ARREGLO RCORCHER .)


state 94

    (24) variosarreglos2 -> ARREGLO COMA . variosarreglos2
    (23) variosarreglos2 -> . ARREGLO RCORCHER
    (24) variosarreglos2 -> . ARREGLO COMA variosarreglos2

    ARREGLO         shift and go to state 68

    variosarreglos2                shift and go to state 117

state 95

    (35) arreglo -> NP POINT ZEROS LPAREN NUMBERS . COMA NUMBERS RPAREN

    COMA            shift and go to state 118


state 96

    (29) arreglo -> NP POINT ARRAY LPAREN ARREGLO . RPAREN

    RPAREN          shift and go to state 119


state 97

    (25) arreglo -> NP POINT ARRAY LPAREN LPAREN . variosarreglos RPAREN
    (28) arreglo -> NP POINT ARRAY LPAREN LPAREN . RPAREN RPAREN
    (21) variosarreglos -> . ARREGLO RPAREN
    (22) variosarreglos -> . ARREGLO COMA variosarreglos

    RPAREN          shift and go to state 120
    ARREGLO         shift and go to state 63

    variosarreglos                 shift and go to state 121

state 98

    (26) arreglo -> NP POINT ARRAY LPAREN LCORCHER . variosarreglos2 RPAREN
    (27) arreglo -> NP POINT ARRAY LPAREN LCORCHER . RCORCHER RPAREN
    (23) variosarreglos2 -> . ARREGLO RCORCHER
    (24) variosarreglos2 -> . ARREGLO COMA variosarreglos2

    RCORCHER        shift and go to state 122
    ARREGLO         shift and go to state 68

    variosarreglos2                shift and go to state 123

state 99

    (31) arreglo -> NP POINT FUNCION LPAREN LCORCHER . variosarreglos2 RPAREN
    (32) arreglo -> NP POINT FUNCION LPAREN LCORCHER . RCORCHER RPAREN
    (23) variosarreglos2 -> . ARREGLO RCORCHER
    (24) variosarreglos2 -> . ARREGLO COMA variosarreglos2

    RCORCHER        shift and go to state 124
    ARREGLO         shift and go to state 68

    variosarreglos2                shift and go to state 125

state 100

    (34) arreglo -> NP POINT FUNCION LPAREN ARREGLO . RPAREN

    RPAREN          shift and go to state 126


state 101

    (30) arreglo -> NP POINT FUNCION LPAREN LPAREN . variosarreglos RPAREN
    (33) arreglo -> NP POINT FUNCION LPAREN LPAREN . RPAREN RPAREN
    (21) variosarreglos -> . ARREGLO RPAREN
    (22) variosarreglos -> . ARREGLO COMA variosarreglos

    RPAREN          shift and go to state 127
    ARREGLO         shift and go to state 63

    variosarreglos                 shift and go to state 128

state 102

    (20) importacion -> FROM ID IMPORT ID AS . ID

    ID              shift and go to state 129


state 103

    (16) importacion -> FROM NUMPY IMPORT ID AS . ID

    ID              shift and go to state 130


state 104

    (14) importacion -> FROM NUMPY IMPORT ARRAY AS . ID

    ID              shift and go to state 131


state 105

    (51) arreglo -> NUMPY POINT ZEROS LPAREN NUMBERS COMA . NUMBERS RPAREN

    NUMBERS         shift and go to state 132


state 106

    (40) arreglo -> NUMPY POINT ARRAY LPAREN ARREGLO RPAREN .

    $end            reduce using rule 40 (arreglo -> NUMPY POINT ARRAY LPAREN ARREGLO RPAREN .)


state 107

    (39) arreglo -> NUMPY POINT ARRAY LPAREN LPAREN RPAREN . RPAREN

    RPAREN          shift and go to state 133


state 108

    (36) arreglo -> NUMPY POINT ARRAY LPAREN LPAREN variosarreglos . RPAREN

    RPAREN          shift and go to state 134


state 109

    (38) arreglo -> NUMPY POINT ARRAY LPAREN LCORCHER RCORCHER . RPAREN

    RPAREN          shift and go to state 135


state 110

    (37) arreglo -> NUMPY POINT ARRAY LPAREN LCORCHER variosarreglos2 . RPAREN

    RPAREN          shift and go to state 136


state 111

    (45) arreglo -> NUMPY POINT FUNCION LPAREN ARREGLO RPAREN .

    $end            reduce using rule 45 (arreglo -> NUMPY POINT FUNCION LPAREN ARREGLO RPAREN .)


state 112

    (43) arreglo -> NUMPY POINT FUNCION LPAREN LCORCHER RCORCHER . RPAREN

    RPAREN          shift and go to state 137


state 113

    (42) arreglo -> NUMPY POINT FUNCION LPAREN LCORCHER variosarreglos2 . RPAREN

    RPAREN          shift and go to state 138


state 114

    (44) arreglo -> NUMPY POINT FUNCION LPAREN LPAREN RPAREN . RPAREN

    RPAREN          shift and go to state 139


state 115

    (41) arreglo -> NUMPY POINT FUNCION LPAREN LPAREN variosarreglos . RPAREN

    RPAREN          shift and go to state 140


state 116

    (22) variosarreglos -> ARREGLO COMA variosarreglos .

    RPAREN          reduce using rule 22 (variosarreglos -> ARREGLO COMA variosarreglos .)


state 117

    (24) variosarreglos2 -> ARREGLO COMA variosarreglos2 .

    RPAREN          reduce using rule 24 (variosarreglos2 -> ARREGLO COMA variosarreglos2 .)


state 118

    (35) arreglo -> NP POINT ZEROS LPAREN NUMBERS COMA . NUMBERS RPAREN

    NUMBERS         shift and go to state 141


state 119

    (29) arreglo -> NP POINT ARRAY LPAREN ARREGLO RPAREN .

    $end            reduce using rule 29 (arreglo -> NP POINT ARRAY LPAREN ARREGLO RPAREN .)


state 120

    (28) arreglo -> NP POINT ARRAY LPAREN LPAREN RPAREN . RPAREN

    RPAREN          shift and go to state 142


state 121

    (25) arreglo -> NP POINT ARRAY LPAREN LPAREN variosarreglos . RPAREN

    RPAREN          shift and go to state 143


state 122

    (27) arreglo -> NP POINT ARRAY LPAREN LCORCHER RCORCHER . RPAREN

    RPAREN          shift and go to state 144


state 123

    (26) arreglo -> NP POINT ARRAY LPAREN LCORCHER variosarreglos2 . RPAREN

    RPAREN          shift and go to state 145


state 124

    (32) arreglo -> NP POINT FUNCION LPAREN LCORCHER RCORCHER . RPAREN

    RPAREN          shift and go to state 146


state 125

    (31) arreglo -> NP POINT FUNCION LPAREN LCORCHER variosarreglos2 . RPAREN

    RPAREN          shift and go to state 147


state 126

    (34) arreglo -> NP POINT FUNCION LPAREN ARREGLO RPAREN .

    $end            reduce using rule 34 (arreglo -> NP POINT FUNCION LPAREN ARREGLO RPAREN .)


state 127

    (33) arreglo -> NP POINT FUNCION LPAREN LPAREN RPAREN . RPAREN

    RPAREN          shift and go to state 148


state 128

    (30) arreglo -> NP POINT FUNCION LPAREN LPAREN variosarreglos . RPAREN

    RPAREN          shift and go to state 149


state 129

    (20) importacion -> FROM ID IMPORT ID AS ID .

    $end            reduce using rule 20 (importacion -> FROM ID IMPORT ID AS ID .)


state 130

    (16) importacion -> FROM NUMPY IMPORT ID AS ID .

    $end            reduce using rule 16 (importacion -> FROM NUMPY IMPORT ID AS ID .)


state 131

    (14) importacion -> FROM NUMPY IMPORT ARRAY AS ID .

    $end            reduce using rule 14 (importacion -> FROM NUMPY IMPORT ARRAY AS ID .)


state 132

    (51) arreglo -> NUMPY POINT ZEROS LPAREN NUMBERS COMA NUMBERS . RPAREN

    RPAREN          shift and go to state 150


state 133

    (39) arreglo -> NUMPY POINT ARRAY LPAREN LPAREN RPAREN RPAREN .

    $end            reduce using rule 39 (arreglo -> NUMPY POINT ARRAY LPAREN LPAREN RPAREN RPAREN .)


state 134

    (36) arreglo -> NUMPY POINT ARRAY LPAREN LPAREN variosarreglos RPAREN .

    $end            reduce using rule 36 (arreglo -> NUMPY POINT ARRAY LPAREN LPAREN variosarreglos RPAREN .)


state 135

    (38) arreglo -> NUMPY POINT ARRAY LPAREN LCORCHER RCORCHER RPAREN .

    $end            reduce using rule 38 (arreglo -> NUMPY POINT ARRAY LPAREN LCORCHER RCORCHER RPAREN .)


state 136

    (37) arreglo -> NUMPY POINT ARRAY LPAREN LCORCHER variosarreglos2 RPAREN .

    $end            reduce using rule 37 (arreglo -> NUMPY POINT ARRAY LPAREN LCORCHER variosarreglos2 RPAREN .)


state 137

    (43) arreglo -> NUMPY POINT FUNCION LPAREN LCORCHER RCORCHER RPAREN .

    $end            reduce using rule 43 (arreglo -> NUMPY POINT FUNCION LPAREN LCORCHER RCORCHER RPAREN .)


state 138

    (42) arreglo -> NUMPY POINT FUNCION LPAREN LCORCHER variosarreglos2 RPAREN .

    $end            reduce using rule 42 (arreglo -> NUMPY POINT FUNCION LPAREN LCORCHER variosarreglos2 RPAREN .)


state 139

    (44) arreglo -> NUMPY POINT FUNCION LPAREN LPAREN RPAREN RPAREN .

    $end            reduce using rule 44 (arreglo -> NUMPY POINT FUNCION LPAREN LPAREN RPAREN RPAREN .)


state 140

    (41) arreglo -> NUMPY POINT FUNCION LPAREN LPAREN variosarreglos RPAREN .

    $end            reduce using rule 41 (arreglo -> NUMPY POINT FUNCION LPAREN LPAREN variosarreglos RPAREN .)


state 141

    (35) arreglo -> NP POINT ZEROS LPAREN NUMBERS COMA NUMBERS . RPAREN

    RPAREN          shift and go to state 151


state 142

    (28) arreglo -> NP POINT ARRAY LPAREN LPAREN RPAREN RPAREN .

    $end            reduce using rule 28 (arreglo -> NP POINT ARRAY LPAREN LPAREN RPAREN RPAREN .)


state 143

    (25) arreglo -> NP POINT ARRAY LPAREN LPAREN variosarreglos RPAREN .

    $end            reduce using rule 25 (arreglo -> NP POINT ARRAY LPAREN LPAREN variosarreglos RPAREN .)


state 144

    (27) arreglo -> NP POINT ARRAY LPAREN LCORCHER RCORCHER RPAREN .

    $end            reduce using rule 27 (arreglo -> NP POINT ARRAY LPAREN LCORCHER RCORCHER RPAREN .)


state 145

    (26) arreglo -> NP POINT ARRAY LPAREN LCORCHER variosarreglos2 RPAREN .

    $end            reduce using rule 26 (arreglo -> NP POINT ARRAY LPAREN LCORCHER variosarreglos2 RPAREN .)


state 146

    (32) arreglo -> NP POINT FUNCION LPAREN LCORCHER RCORCHER RPAREN .

    $end            reduce using rule 32 (arreglo -> NP POINT FUNCION LPAREN LCORCHER RCORCHER RPAREN .)


state 147

    (31) arreglo -> NP POINT FUNCION LPAREN LCORCHER variosarreglos2 RPAREN .

    $end            reduce using rule 31 (arreglo -> NP POINT FUNCION LPAREN LCORCHER variosarreglos2 RPAREN .)


state 148

    (33) arreglo -> NP POINT FUNCION LPAREN LPAREN RPAREN RPAREN .

    $end            reduce using rule 33 (arreglo -> NP POINT FUNCION LPAREN LPAREN RPAREN RPAREN .)


state 149

    (30) arreglo -> NP POINT FUNCION LPAREN LPAREN variosarreglos RPAREN .

    $end            reduce using rule 30 (arreglo -> NP POINT FUNCION LPAREN LPAREN variosarreglos RPAREN .)


state 150

    (51) arreglo -> NUMPY POINT ZEROS LPAREN NUMBERS COMA NUMBERS RPAREN .

    $end            reduce using rule 51 (arreglo -> NUMPY POINT ZEROS LPAREN NUMBERS COMA NUMBERS RPAREN .)


state 151

    (35) arreglo -> NP POINT ZEROS LPAREN NUMBERS COMA NUMBERS RPAREN .

    $end            reduce using rule 35 (arreglo -> NP POINT ZEROS LPAREN NUMBERS COMA NUMBERS RPAREN .)

